<?xml version="1.0" encoding="UTF-8"?>
<testng-results skipped="0" failed="0" ignored="0" total="7" passed="7">
  <reporter-output>
  </reporter-output>
  <suite name="Suite" duration-ms="10867" started-at="2018-01-10T07:26:33Z" finished-at="2018-01-10T07:26:44Z">
    <groups>
    </groups>
    <test name="Test" duration-ms="10867" started-at="2018-01-10T07:26:33Z" finished-at="2018-01-10T07:26:44Z">
      <class name="testCases.HybridExecuteTest">
        <test-method status="PASS" signature="GetBrowserName(java.lang.String)[pri:0, instance:testCases.HybridExecuteTest@668bc3d5]" name="GetBrowserName" duration-ms="5" started-at="2018-01-09T23:26:33Z" finished-at="2018-01-09T23:26:33Z">
          <params>
            <param index="0">
              <value>
                <![CDATA[Chrome]]>
              </value>
            </param>
          </params>
          <reporter-output>
          </reporter-output>
        </test-method> <!-- GetBrowserName -->
        <test-method status="PASS" signature="testLogin(java.lang.String, java.lang.String, java.lang.String, java.lang.String, java.lang.String)[pri:0, instance:testCases.HybridExecuteTest@668bc3d5]" name="testLogin" duration-ms="1684" started-at="2018-01-09T23:26:34Z" data-provider="hybridData" finished-at="2018-01-09T23:26:35Z">
          <params>
            <param index="0">
              <value>
                <![CDATA[Login In Application]]>
              </value>
            </param>
            <param index="1">
              <value>
                <![CDATA[]]>
              </value>
            </param>
            <param index="2">
              <value>
                <![CDATA[]]>
              </value>
            </param>
            <param index="3">
              <value>
                <![CDATA[]]>
              </value>
            </param>
            <param index="4">
              <value>
                <![CDATA[]]>
              </value>
            </param>
          </params>
          <reporter-output>
          </reporter-output>
        </test-method> <!-- testLogin -->
        <test-method status="PASS" signature="testLogin(java.lang.String, java.lang.String, java.lang.String, java.lang.String, java.lang.String)[pri:0, instance:testCases.HybridExecuteTest@668bc3d5]" name="testLogin" duration-ms="1513" started-at="2018-01-09T23:26:35Z" data-provider="hybridData" finished-at="2018-01-09T23:26:37Z">
          <params>
            <param index="0">
              <value>
                <![CDATA[]]>
              </value>
            </param>
            <param index="1">
              <value>
                <![CDATA[GOTOURL]]>
              </value>
            </param>
            <param index="2">
              <value>
                <![CDATA[]]>
              </value>
            </param>
            <param index="3">
              <value>
                <![CDATA[]]>
              </value>
            </param>
            <param index="4">
              <value>
                <![CDATA[url]]>
              </value>
            </param>
          </params>
          <reporter-output>
          </reporter-output>
        </test-method> <!-- testLogin -->
        <test-method status="PASS" signature="testLogin(java.lang.String, java.lang.String, java.lang.String, java.lang.String, java.lang.String)[pri:0, instance:testCases.HybridExecuteTest@668bc3d5]" name="testLogin" duration-ms="4232" started-at="2018-01-09T23:26:37Z" data-provider="hybridData" finished-at="2018-01-09T23:26:41Z">
          <params>
            <param index="0">
              <value>
                <![CDATA[]]>
              </value>
            </param>
            <param index="1">
              <value>
                <![CDATA[CLICK]]>
              </value>
            </param>
            <param index="2">
              <value>
                <![CDATA[signin_button]]>
              </value>
            </param>
            <param index="3">
              <value>
                <![CDATA[XPATH]]>
              </value>
            </param>
            <param index="4">
              <value>
                <![CDATA[]]>
              </value>
            </param>
          </params>
          <reporter-output>
          </reporter-output>
        </test-method> <!-- testLogin -->
        <test-method status="PASS" signature="testLogin(java.lang.String, java.lang.String, java.lang.String, java.lang.String, java.lang.String)[pri:0, instance:testCases.HybridExecuteTest@668bc3d5]" name="testLogin" duration-ms="120" started-at="2018-01-09T23:26:41Z" data-provider="hybridData" finished-at="2018-01-09T23:26:41Z">
          <params>
            <param index="0">
              <value>
                <![CDATA[]]>
              </value>
            </param>
            <param index="1">
              <value>
                <![CDATA[SETTEXT]]>
              </value>
            </param>
            <param index="2">
              <value>
                <![CDATA[usernamne_textbox]]>
              </value>
            </param>
            <param index="3">
              <value>
                <![CDATA[XPATH]]>
              </value>
            </param>
            <param index="4">
              <value>
                <![CDATA[test]]>
              </value>
            </param>
          </params>
          <reporter-output>
          </reporter-output>
        </test-method> <!-- testLogin -->
        <test-method status="PASS" signature="testLogin(java.lang.String, java.lang.String, java.lang.String, java.lang.String, java.lang.String)[pri:0, instance:testCases.HybridExecuteTest@668bc3d5]" name="testLogin" duration-ms="97" started-at="2018-01-09T23:26:41Z" data-provider="hybridData" finished-at="2018-01-09T23:26:41Z">
          <params>
            <param index="0">
              <value>
                <![CDATA[]]>
              </value>
            </param>
            <param index="1">
              <value>
                <![CDATA[SETTEXT]]>
              </value>
            </param>
            <param index="2">
              <value>
                <![CDATA[password_textbox]]>
              </value>
            </param>
            <param index="3">
              <value>
                <![CDATA[XPATH]]>
              </value>
            </param>
            <param index="4">
              <value>
                <![CDATA[test]]>
              </value>
            </param>
          </params>
          <reporter-output>
          </reporter-output>
        </test-method> <!-- testLogin -->
        <test-method status="PASS" signature="testLogin(java.lang.String, java.lang.String, java.lang.String, java.lang.String, java.lang.String)[pri:0, instance:testCases.HybridExecuteTest@668bc3d5]" name="testLogin" duration-ms="730" started-at="2018-01-09T23:26:41Z" data-provider="hybridData" finished-at="2018-01-09T23:26:42Z">
          <params>
            <param index="0">
              <value>
                <![CDATA[]]>
              </value>
            </param>
            <param index="1">
              <value>
                <![CDATA[CLICK]]>
              </value>
            </param>
            <param index="2">
              <value>
                <![CDATA[signin]]>
              </value>
            </param>
            <param index="3">
              <value>
                <![CDATA[XPATH]]>
              </value>
            </param>
            <param index="4">
              <value>
                <![CDATA[]]>
              </value>
            </param>
          </params>
          <reporter-output>
          </reporter-output>
        </test-method> <!-- testLogin -->
        <test-method status="PASS" signature="afterTest()[pri:0, instance:testCases.HybridExecuteTest@668bc3d5]" name="afterTest" is-config="true" duration-ms="2072" started-at="2018-01-09T23:26:42Z" finished-at="2018-01-09T23:26:44Z">
          <reporter-output>
          </reporter-output>
        </test-method> <!-- afterTest -->
      </class> <!-- testCases.HybridExecuteTest -->
    </test> <!-- Test -->
  </suite> <!-- Suite -->
</testng-results>
